<?xml version="1.0" encoding="UTF-8" ?>
<testsuite failures="0" time="0.075" errors="0" skipped="0" tests="8" name="com.bia.gmailjava.EmailServiceImplTest">
  <properties>
[...]
</properties>
  <testcase time="0.026" classname="com.bia.gmailjava.EmailServiceImplTest" name="testSendEmail_3args_1"/>
  <testcase time="0.001" classname="com.bia.gmailjava.EmailServiceImplTest" name="testSendEmail_3args_2"/>
  <testcase time="0.002" classname="com.bia.gmailjava.EmailServiceImplTest" name="testSendEmail_2"/>
  <testcase time="0.001" classname="com.bia.gmailjava.EmailServiceImplTest" name="testSendEmail_3"/>
  <testcase time="0.001" classname="com.bia.gmailjava.EmailServiceImplTest" name="testSendEmail_4"/>
  <testcase time="0.002" classname="com.bia.gmailjava.EmailServiceImplTest" name="testSendEmail_5"/>
  <testcase time="0.002" classname="com.bia.gmailjava.EmailServiceImplTest" name="testSendEmail_6"/>
  <testcase time="0.001" classname="com.bia.gmailjava.EmailServiceImplTest" name="testSendEmail_7"/>
</testsuite>